<?xml version="1.0" encoding="UTF-8"?>
<!-- Generated by org.testng.reporters.JUnitXMLReporter -->
<testsuite ignored="0" hostname="DESKTOP-GUBI5P6" failures="0" tests="11" name="Default test" time="75.327" errors="0" timestamp="2025-06-23T00:23:26 GMT+03:00">
  <testcase classname="AppTest" name="HomepageLoadsSuccessfully" time="4.078"/>
  <testcase classname="AppTest" name="FooterLinks" time="2.762"/>
  <testcase classname="AppTest" name="RegistrationFormValidation" time="6.734"/>
  <testcase classname="AppTest" name="SignIn" time="6.664"/>
  <testcase classname="AppTest" name="LoginWithInvalidData" time="3.362"/>
  <testcase classname="AppTest" name="LoginWithIncorrectData" time="2.599"/>
  <testcase classname="AppTest" name="Login" time="6.662"/>
  <testcase classname="AppTest" name="AddProductToCart" time="12.804"/>
  <testcase classname="AppTest" name="CheckOutNavigation" time="7.291"/>
  <testcase classname="AppTest" name="RemoveItemFromCart" time="6.801"/>
  <testcase classname="AppTest" name="LogOut" time="9.472"/>
</testsuite> <!-- Default test -->
