<?xml version="1.0" encoding="UTF-8"?>
<testng-results ignored="0" total="11" passed="11" failed="0" skipped="0">
  <reporter-output>
  </reporter-output>
  <suite started-at="2025-06-23T00:22:11 GMT+03:00" name="Default suite" finished-at="2025-06-23T00:23:26 GMT+03:00" duration-ms="75327">
    <groups>
    </groups>
    <test started-at="2025-06-23T00:22:11 GMT+03:00" name="Default test" finished-at="2025-06-23T00:23:26 GMT+03:00" duration-ms="75327">
      <class name="AppTest">
        <test-method is-config="true" signature="mySetup()[pri:0, instance:AppTest@51972dc7]" started-at="2025-06-23T00:22:11 GMT+03:00" name="mySetup" finished-at="2025-06-23T00:22:17 GMT+03:00" duration-ms="5824" status="PASS">
          <reporter-output>
          </reporter-output>
        </test-method> <!-- mySetup -->
        <test-method signature="HomepageLoadsSuccessfully()[pri:1, instance:AppTest@51972dc7]" started-at="2025-06-23T00:22:17 GMT+03:00" name="HomepageLoadsSuccessfully" finished-at="2025-06-23T00:22:21 GMT+03:00" duration-ms="4078" status="PASS">
          <reporter-output>
          </reporter-output>
        </test-method> <!-- HomepageLoadsSuccessfully -->
        <test-method signature="FooterLinks()[pri:2, instance:AppTest@51972dc7]" started-at="2025-06-23T00:22:21 GMT+03:00" name="FooterLinks" finished-at="2025-06-23T00:22:24 GMT+03:00" duration-ms="2762" status="PASS">
          <reporter-output>
          </reporter-output>
        </test-method> <!-- FooterLinks -->
        <test-method signature="RegistrationFormValidation()[pri:3, instance:AppTest@51972dc7]" started-at="2025-06-23T00:22:24 GMT+03:00" name="RegistrationFormValidation" finished-at="2025-06-23T00:22:30 GMT+03:00" duration-ms="6734" status="PASS">
          <reporter-output>
          </reporter-output>
        </test-method> <!-- RegistrationFormValidation -->
        <test-method signature="SignIn()[pri:4, instance:AppTest@51972dc7]" started-at="2025-06-23T00:22:30 GMT+03:00" name="SignIn" finished-at="2025-06-23T00:22:37 GMT+03:00" duration-ms="6664" status="PASS">
          <reporter-output>
          </reporter-output>
        </test-method> <!-- SignIn -->
        <test-method signature="LoginWithInvalidData()[pri:5, instance:AppTest@51972dc7]" started-at="2025-06-23T00:22:37 GMT+03:00" name="LoginWithInvalidData" finished-at="2025-06-23T00:22:40 GMT+03:00" duration-ms="3362" status="PASS">
          <reporter-output>
          </reporter-output>
        </test-method> <!-- LoginWithInvalidData -->
        <test-method signature="LoginWithIncorrectData()[pri:6, instance:AppTest@51972dc7]" started-at="2025-06-23T00:22:40 GMT+03:00" name="LoginWithIncorrectData" finished-at="2025-06-23T00:22:43 GMT+03:00" duration-ms="2599" status="PASS">
          <reporter-output>
          </reporter-output>
        </test-method> <!-- LoginWithIncorrectData -->
        <test-method signature="Login()[pri:7, instance:AppTest@51972dc7]" started-at="2025-06-23T00:22:43 GMT+03:00" name="Login" finished-at="2025-06-23T00:22:50 GMT+03:00" duration-ms="6662" status="PASS">
          <reporter-output>
          </reporter-output>
        </test-method> <!-- Login -->
        <test-method signature="AddProductToCart()[pri:8, instance:AppTest@51972dc7]" started-at="2025-06-23T00:22:50 GMT+03:00" name="AddProductToCart" finished-at="2025-06-23T00:23:02 GMT+03:00" duration-ms="12804" status="PASS">
          <reporter-output>
          </reporter-output>
        </test-method> <!-- AddProductToCart -->
        <test-method signature="CheckOutNavigation()[pri:9, instance:AppTest@51972dc7]" started-at="2025-06-23T00:23:02 GMT+03:00" name="CheckOutNavigation" finished-at="2025-06-23T00:23:10 GMT+03:00" duration-ms="7291" status="PASS">
          <reporter-output>
          </reporter-output>
        </test-method> <!-- CheckOutNavigation -->
        <test-method signature="RemoveItemFromCart()[pri:10, instance:AppTest@51972dc7]" started-at="2025-06-23T00:23:10 GMT+03:00" name="RemoveItemFromCart" finished-at="2025-06-23T00:23:16 GMT+03:00" duration-ms="6801" status="PASS">
          <reporter-output>
          </reporter-output>
        </test-method> <!-- RemoveItemFromCart -->
        <test-method signature="LogOut()[pri:11, instance:AppTest@51972dc7]" started-at="2025-06-23T00:23:16 GMT+03:00" name="LogOut" finished-at="2025-06-23T00:23:26 GMT+03:00" duration-ms="9472" status="PASS">
          <reporter-output>
          </reporter-output>
        </test-method> <!-- LogOut -->
      </class> <!-- AppTest -->
    </test> <!-- Default test -->
  </suite> <!-- Default suite -->
</testng-results>
